0 info it worked if it ends with ok
1 verbose cli [ '/usr/local/bin/node',
1 verbose cli   '/usr/local/bin/npm',
1 verbose cli   'install',
1 verbose cli   'expre' ]
2 info using npm@1.4.28
3 info using node@v0.10.32
4 verbose cache add [ 'expre', null ]
5 verbose cache add name=undefined spec="expre" args=["expre",null]
6 verbose parsed url { protocol: null,
6 verbose parsed url   slashes: null,
6 verbose parsed url   auth: null,
6 verbose parsed url   host: null,
6 verbose parsed url   port: null,
6 verbose parsed url   hostname: null,
6 verbose parsed url   hash: null,
6 verbose parsed url   search: null,
6 verbose parsed url   query: null,
6 verbose parsed url   pathname: 'expre',
6 verbose parsed url   path: 'expre',
6 verbose parsed url   href: 'expre' }
7 silly lockFile 9ca07e51-expre expre
8 verbose lock expre /root/.npm/9ca07e51-expre.lock
9 silly lockFile 9ca07e51-expre expre
10 silly lockFile 9ca07e51-expre expre
11 verbose addNamed [ 'expre', '' ]
12 verbose addNamed [ null, '*' ]
13 silly lockFile 2c8bcc47-expre expre@
14 verbose lock expre@ /root/.npm/2c8bcc47-expre.lock
15 silly addNameRange { name: 'expre', range: '*', hasData: false }
16 verbose request where is /expre
17 verbose request registry https://registry.npmjs.org/
18 verbose request id 6f22e88f018c2604
19 verbose url raw /expre
20 verbose url resolving [ 'https://registry.npmjs.org/', './expre' ]
21 verbose url resolved https://registry.npmjs.org/expre
22 verbose request where is https://registry.npmjs.org/expre
23 info trying registry request attempt 1 at 11:32:42
24 http GET https://registry.npmjs.org/expre
25 http 404 https://registry.npmjs.org/expre
26 verbose headers { date: 'Fri, 07 Nov 2014 16:32:42 GMT',
26 verbose headers   server: 'CouchDB/1.5.0 (Erlang OTP/R16B03)',
26 verbose headers   'content-type': 'application/json',
26 verbose headers   'cache-control': 'max-age=0',
26 verbose headers   'content-length': '52',
26 verbose headers   'accept-ranges': 'bytes',
26 verbose headers   via: '1.1 varnish',
26 verbose headers   age: '0',
26 verbose headers   'x-served-by': 'cache-lax1425-LAX',
26 verbose headers   'x-cache': 'MISS',
26 verbose headers   'x-cache-hits': '0',
26 verbose headers   'x-timer': 'S1415377962.683518,VS0,VE42',
26 verbose headers   'keep-alive': 'timeout=10, max=50',
26 verbose headers   connection: 'Keep-Alive' }
27 silly registry.get cb [ 404,
27 silly registry.get   { date: 'Fri, 07 Nov 2014 16:32:42 GMT',
27 silly registry.get     server: 'CouchDB/1.5.0 (Erlang OTP/R16B03)',
27 silly registry.get     'content-type': 'application/json',
27 silly registry.get     'cache-control': 'max-age=0',
27 silly registry.get     'content-length': '52',
27 silly registry.get     'accept-ranges': 'bytes',
27 silly registry.get     via: '1.1 varnish',
27 silly registry.get     age: '0',
27 silly registry.get     'x-served-by': 'cache-lax1425-LAX',
27 silly registry.get     'x-cache': 'MISS',
27 silly registry.get     'x-cache-hits': '0',
27 silly registry.get     'x-timer': 'S1415377962.683518,VS0,VE42',
27 silly registry.get     'keep-alive': 'timeout=10, max=50',
27 silly registry.get     connection: 'Keep-Alive' } ]
28 silly lockFile 2c8bcc47-expre expre@
29 silly lockFile 2c8bcc47-expre expre@
30 error 404 404 Not Found: expre
30 error 404
30 error 404 'expre' is not in the npm registry.
30 error 404 You should bug the author to publish it
30 error 404
30 error 404 Note that you can also install from a
30 error 404 tarball, folder, or http url, or git url.
31 error System Linux 3.13.0-32-generic
32 error command "/usr/local/bin/node" "/usr/local/bin/npm" "install" "expre"
33 error cwd /root/SmileZone/WebApp/node
34 error node -v v0.10.32
35 error npm -v 1.4.28
36 error code E404
37 verbose exit [ 1, true ]
