0 info it worked if it ends with ok
1 verbose cli [ '/usr/local/bin/node', '/usr/local/bin/npm', 'install' ]
2 info using npm@1.4.28
3 info using node@v0.10.32
4 warn package.json SmileZone@0.0.1 No repository field.
5 warn package.json SmileZone@0.0.1 No README data
6 verbose readDependencies using package.json deps
7 verbose install where, deps [ '/root/SmileZone/WebApp',
7 verbose install   [ 'fs',
7 verbose install     'bcrypt',
7 verbose install     'body-parser',
7 verbose install     'ejs',
7 verbose install     'express',
7 verbose install     'moment',
7 verbose install     'moment-timezone',
7 verbose install     'mongodb',
7 verbose install     'mongoose',
7 verbose install     'now',
7 verbose install     'passport',
7 verbose install     'passport-local',
7 verbose install     'require',
7 verbose install     'sanitizer',
7 verbose install     'util',
7 verbose install     'https' ] ]
8 info preinstall SmileZone@0.0.1
9 warn package.json http@0.0.0 http is also the name of a node core module.
10 warn package.json http@0.0.0 No description
11 warn package.json http@0.0.0 No repository field.
12 warn package.json http@0.0.0 No README data
13 warn package.json url@0.10.1 url is also the name of a node core module.
14 warn package.json util@0.10.3 util is also the name of a node core module.
15 verbose readDependencies using package.json deps
16 verbose cache add [ 'mongodb@latest', null ]
17 verbose cache add name=undefined spec="mongodb@latest" args=["mongodb@latest",null]
18 verbose parsed url { protocol: null,
18 verbose parsed url   slashes: null,
18 verbose parsed url   auth: null,
18 verbose parsed url   host: null,
18 verbose parsed url   port: null,
18 verbose parsed url   hostname: null,
18 verbose parsed url   hash: null,
18 verbose parsed url   search: null,
18 verbose parsed url   query: null,
18 verbose parsed url   pathname: 'mongodb@latest',
18 verbose parsed url   path: 'mongodb@latest',
18 verbose parsed url   href: 'mongodb@latest' }
19 verbose already installed skipping mongoose@3.8.8 /root/SmileZone/WebApp
20 verbose already installed skipping now@>=0.0.1 /root/SmileZone/WebApp
21 verbose cache add name="mongodb" spec="latest" args=["mongodb","latest"]
22 verbose parsed url { protocol: null,
22 verbose parsed url   slashes: null,
22 verbose parsed url   auth: null,
22 verbose parsed url   host: null,
22 verbose parsed url   port: null,
22 verbose parsed url   hostname: null,
22 verbose parsed url   hash: null,
22 verbose parsed url   search: null,
22 verbose parsed url   query: null,
22 verbose parsed url   pathname: 'latest',
22 verbose parsed url   path: 'latest',
22 verbose parsed url   href: 'latest' }
23 verbose addNamed [ 'mongodb', 'latest' ]
24 verbose addNamed [ null, null ]
25 verbose already installed skipping passport@0.2.0 /root/SmileZone/WebApp
26 verbose already installed skipping passport-local@0.1.6 /root/SmileZone/WebApp
27 silly lockFile d3746d4c-mongodb-latest mongodb@latest
28 verbose lock mongodb@latest /root/.npm/d3746d4c-mongodb-latest.lock
29 verbose cache add [ 'require@latest', null ]
30 verbose cache add name=undefined spec="require@latest" args=["require@latest",null]
31 verbose parsed url { protocol: null,
31 verbose parsed url   slashes: null,
31 verbose parsed url   auth: null,
31 verbose parsed url   host: null,
31 verbose parsed url   port: null,
31 verbose parsed url   hostname: null,
31 verbose parsed url   hash: null,
31 verbose parsed url   search: null,
31 verbose parsed url   query: null,
31 verbose parsed url   pathname: 'require@latest',
31 verbose parsed url   path: 'require@latest',
31 verbose parsed url   href: 'require@latest' }
32 verbose cache add name="require" spec="latest" args=["require","latest"]
33 verbose parsed url { protocol: null,
33 verbose parsed url   slashes: null,
33 verbose parsed url   auth: null,
33 verbose parsed url   host: null,
33 verbose parsed url   port: null,
33 verbose parsed url   hostname: null,
33 verbose parsed url   hash: null,
33 verbose parsed url   search: null,
33 verbose parsed url   query: null,
33 verbose parsed url   pathname: 'latest',
33 verbose parsed url   path: 'latest',
33 verbose parsed url   href: 'latest' }
34 verbose addNamed [ 'require', 'latest' ]
35 verbose addNamed [ null, null ]
36 silly lockFile 5c3aad12-require-latest require@latest
37 verbose lock require@latest /root/.npm/5c3aad12-require-latest.lock
38 verbose cache add [ 'sanitizer@latest', null ]
39 verbose cache add name=undefined spec="sanitizer@latest" args=["sanitizer@latest",null]
40 verbose parsed url { protocol: null,
40 verbose parsed url   slashes: null,
40 verbose parsed url   auth: null,
40 verbose parsed url   host: null,
40 verbose parsed url   port: null,
40 verbose parsed url   hostname: null,
40 verbose parsed url   hash: null,
40 verbose parsed url   search: null,
40 verbose parsed url   query: null,
40 verbose parsed url   pathname: 'sanitizer@latest',
40 verbose parsed url   path: 'sanitizer@latest',
40 verbose parsed url   href: 'sanitizer@latest' }
41 verbose cache add [ 'util@latest', null ]
42 verbose cache add name=undefined spec="util@latest" args=["util@latest",null]
43 verbose parsed url { protocol: null,
43 verbose parsed url   slashes: null,
43 verbose parsed url   auth: null,
43 verbose parsed url   host: null,
43 verbose parsed url   port: null,
43 verbose parsed url   hostname: null,
43 verbose parsed url   hash: null,
43 verbose parsed url   search: null,
43 verbose parsed url   query: null,
43 verbose parsed url   pathname: 'util@latest',
43 verbose parsed url   path: 'util@latest',
43 verbose parsed url   href: 'util@latest' }
44 info addNameTag [ 'mongodb', 'latest' ]
45 verbose cache add name="sanitizer" spec="latest" args=["sanitizer","latest"]
46 verbose parsed url { protocol: null,
46 verbose parsed url   slashes: null,
46 verbose parsed url   auth: null,
46 verbose parsed url   host: null,
46 verbose parsed url   port: null,
46 verbose parsed url   hostname: null,
46 verbose parsed url   hash: null,
46 verbose parsed url   search: null,
46 verbose parsed url   query: null,
46 verbose parsed url   pathname: 'latest',
46 verbose parsed url   path: 'latest',
46 verbose parsed url   href: 'latest' }
47 verbose addNamed [ 'sanitizer', 'latest' ]
48 verbose addNamed [ null, null ]
49 silly lockFile e8344f52-sanitizer-latest sanitizer@latest
50 verbose lock sanitizer@latest /root/.npm/e8344f52-sanitizer-latest.lock
51 verbose cache add name="util" spec="latest" args=["util","latest"]
52 verbose parsed url { protocol: null,
52 verbose parsed url   slashes: null,
52 verbose parsed url   auth: null,
52 verbose parsed url   host: null,
52 verbose parsed url   port: null,
52 verbose parsed url   hostname: null,
52 verbose parsed url   hash: null,
52 verbose parsed url   search: null,
52 verbose parsed url   query: null,
52 verbose parsed url   pathname: 'latest',
52 verbose parsed url   path: 'latest',
52 verbose parsed url   href: 'latest' }
53 verbose addNamed [ 'util', 'latest' ]
54 verbose addNamed [ null, null ]
55 silly lockFile 82e16f09-util-latest util@latest
56 verbose lock util@latest /root/.npm/82e16f09-util-latest.lock
57 verbose cache add [ 'https@latest', null ]
58 verbose cache add name=undefined spec="https@latest" args=["https@latest",null]
59 verbose parsed url { protocol: null,
59 verbose parsed url   slashes: null,
59 verbose parsed url   auth: null,
59 verbose parsed url   host: null,
59 verbose parsed url   port: null,
59 verbose parsed url   hostname: null,
59 verbose parsed url   hash: null,
59 verbose parsed url   search: null,
59 verbose parsed url   query: null,
59 verbose parsed url   pathname: 'https@latest',
59 verbose parsed url   path: 'https@latest',
59 verbose parsed url   href: 'https@latest' }
60 verbose cache add [ 'fs@latest', null ]
61 verbose cache add name=undefined spec="fs@latest" args=["fs@latest",null]
62 verbose parsed url { protocol: null,
62 verbose parsed url   slashes: null,
62 verbose parsed url   auth: null,
62 verbose parsed url   host: null,
62 verbose parsed url   port: null,
62 verbose parsed url   hostname: null,
62 verbose parsed url   hash: null,
62 verbose parsed url   search: null,
62 verbose parsed url   query: null,
62 verbose parsed url   pathname: 'fs@latest',
62 verbose parsed url   path: 'fs@latest',
62 verbose parsed url   href: 'fs@latest' }
63 verbose cache add [ 'bcrypt@latest', null ]
64 verbose cache add name=undefined spec="bcrypt@latest" args=["bcrypt@latest",null]
65 verbose parsed url { protocol: null,
65 verbose parsed url   slashes: null,
65 verbose parsed url   auth: null,
65 verbose parsed url   host: null,
65 verbose parsed url   port: null,
65 verbose parsed url   hostname: null,
65 verbose parsed url   hash: null,
65 verbose parsed url   search: null,
65 verbose parsed url   query: null,
65 verbose parsed url   pathname: 'bcrypt@latest',
65 verbose parsed url   path: 'bcrypt@latest',
65 verbose parsed url   href: 'bcrypt@latest' }
66 info addNameTag [ 'require', 'latest' ]
67 verbose cache add name="https" spec="latest" args=["https","latest"]
68 verbose parsed url { protocol: null,
68 verbose parsed url   slashes: null,
68 verbose parsed url   auth: null,
68 verbose parsed url   host: null,
68 verbose parsed url   port: null,
68 verbose parsed url   hostname: null,
68 verbose parsed url   hash: null,
68 verbose parsed url   search: null,
68 verbose parsed url   query: null,
68 verbose parsed url   pathname: 'latest',
68 verbose parsed url   path: 'latest',
68 verbose parsed url   href: 'latest' }
69 verbose addNamed [ 'https', 'latest' ]
70 verbose addNamed [ null, null ]
71 silly lockFile 5351423b-https-latest https@latest
72 verbose lock https@latest /root/.npm/5351423b-https-latest.lock
73 verbose cache add name="fs" spec="latest" args=["fs","latest"]
74 verbose parsed url { protocol: null,
74 verbose parsed url   slashes: null,
74 verbose parsed url   auth: null,
74 verbose parsed url   host: null,
74 verbose parsed url   port: null,
74 verbose parsed url   hostname: null,
74 verbose parsed url   hash: null,
74 verbose parsed url   search: null,
74 verbose parsed url   query: null,
74 verbose parsed url   pathname: 'latest',
74 verbose parsed url   path: 'latest',
74 verbose parsed url   href: 'latest' }
75 verbose addNamed [ 'fs', 'latest' ]
76 verbose addNamed [ null, null ]
77 silly lockFile 650d5fba-fs-latest fs@latest
78 verbose lock fs@latest /root/.npm/650d5fba-fs-latest.lock
79 verbose cache add name="bcrypt" spec="latest" args=["bcrypt","latest"]
80 verbose parsed url { protocol: null,
80 verbose parsed url   slashes: null,
80 verbose parsed url   auth: null,
80 verbose parsed url   host: null,
80 verbose parsed url   port: null,
80 verbose parsed url   hostname: null,
80 verbose parsed url   hash: null,
80 verbose parsed url   search: null,
80 verbose parsed url   query: null,
80 verbose parsed url   pathname: 'latest',
80 verbose parsed url   path: 'latest',
80 verbose parsed url   href: 'latest' }
81 verbose addNamed [ 'bcrypt', 'latest' ]
82 verbose addNamed [ null, null ]
83 silly lockFile bc3b36c6-bcrypt-latest bcrypt@latest
84 verbose lock bcrypt@latest /root/.npm/bc3b36c6-bcrypt-latest.lock
85 verbose already installed skipping body-parser@1.9.2 /root/SmileZone/WebApp
86 verbose already installed skipping ejs@0.8.5 /root/SmileZone/WebApp
87 info addNameTag [ 'sanitizer', 'latest' ]
88 info addNameTag [ 'util', 'latest' ]
89 info addNameTag [ 'https', 'latest' ]
90 info addNameTag [ 'fs', 'latest' ]
91 info addNameTag [ 'bcrypt', 'latest' ]
92 verbose already installed skipping express@3.4.8 /root/SmileZone/WebApp
93 verbose cache add [ 'moment@latest', null ]
94 verbose cache add name=undefined spec="moment@latest" args=["moment@latest",null]
95 verbose parsed url { protocol: null,
95 verbose parsed url   slashes: null,
95 verbose parsed url   auth: null,
95 verbose parsed url   host: null,
95 verbose parsed url   port: null,
95 verbose parsed url   hostname: null,
95 verbose parsed url   hash: null,
95 verbose parsed url   search: null,
95 verbose parsed url   query: null,
95 verbose parsed url   pathname: 'moment@latest',
95 verbose parsed url   path: 'moment@latest',
95 verbose parsed url   href: 'moment@latest' }
96 verbose already installed skipping moment-timezone@^0.2.5 /root/SmileZone/WebApp
97 verbose request where is /https
98 verbose request registry https://registry.npmjs.org/
99 verbose request id 79740ec39de11113
100 verbose url raw /https
101 verbose url resolving [ 'https://registry.npmjs.org/', './https' ]
102 verbose url resolved https://registry.npmjs.org/https
103 verbose request where is https://registry.npmjs.org/https
104 info trying registry request attempt 1 at 14:15:58
105 http GET https://registry.npmjs.org/https
106 verbose request where is /fs
107 verbose request registry https://registry.npmjs.org/
108 verbose url raw /fs
109 verbose url resolving [ 'https://registry.npmjs.org/', './fs' ]
110 verbose url resolved https://registry.npmjs.org/fs
111 verbose request where is https://registry.npmjs.org/fs
112 info trying registry request attempt 1 at 14:15:58
113 http GET https://registry.npmjs.org/fs
114 verbose cache add name="moment" spec="latest" args=["moment","latest"]
115 verbose parsed url { protocol: null,
115 verbose parsed url   slashes: null,
115 verbose parsed url   auth: null,
115 verbose parsed url   host: null,
115 verbose parsed url   port: null,
115 verbose parsed url   hostname: null,
115 verbose parsed url   hash: null,
115 verbose parsed url   search: null,
115 verbose parsed url   query: null,
115 verbose parsed url   pathname: 'latest',
115 verbose parsed url   path: 'latest',
115 verbose parsed url   href: 'latest' }
116 verbose addNamed [ 'moment', 'latest' ]
117 verbose addNamed [ null, null ]
118 silly lockFile 7aa51eb5-moment-latest moment@latest
119 verbose lock moment@latest /root/.npm/7aa51eb5-moment-latest.lock
120 verbose request where is /mongodb
121 verbose request registry https://registry.npmjs.org/
122 verbose url raw /mongodb
123 verbose url resolving [ 'https://registry.npmjs.org/', './mongodb' ]
124 verbose url resolved https://registry.npmjs.org/mongodb
125 verbose request where is https://registry.npmjs.org/mongodb
126 info trying registry request attempt 1 at 14:15:58
127 verbose etag "C3T6MIJF4IFL1Z6CV4OO75TJZ"
128 http GET https://registry.npmjs.org/mongodb
129 verbose request where is /require
130 verbose request registry https://registry.npmjs.org/
131 verbose url raw /require
132 verbose url resolving [ 'https://registry.npmjs.org/', './require' ]
133 verbose url resolved https://registry.npmjs.org/require
134 verbose request where is https://registry.npmjs.org/require
135 info trying registry request attempt 1 at 14:15:58
136 verbose etag "CTD7G3RW41LB6UW8DXPAYGY16"
137 http GET https://registry.npmjs.org/require
138 info addNameTag [ 'moment', 'latest' ]
139 verbose request where is /sanitizer
140 verbose request registry https://registry.npmjs.org/
141 verbose url raw /sanitizer
142 verbose url resolving [ 'https://registry.npmjs.org/', './sanitizer' ]
143 verbose url resolved https://registry.npmjs.org/sanitizer
144 verbose request where is https://registry.npmjs.org/sanitizer
145 info trying registry request attempt 1 at 14:15:58
146 verbose etag "EHLJ5NIDYWOO92P7LHUIVVW5W"
147 http GET https://registry.npmjs.org/sanitizer
148 verbose request where is /util
149 verbose request registry https://registry.npmjs.org/
150 verbose url raw /util
151 verbose url resolving [ 'https://registry.npmjs.org/', './util' ]
152 verbose url resolved https://registry.npmjs.org/util
153 verbose request where is https://registry.npmjs.org/util
154 info trying registry request attempt 1 at 14:15:58
155 verbose etag "360MT6RUSPEZWJXUHA4205YG5"
156 http GET https://registry.npmjs.org/util
157 verbose request where is /bcrypt
158 verbose request registry https://registry.npmjs.org/
159 verbose url raw /bcrypt
160 verbose url resolving [ 'https://registry.npmjs.org/', './bcrypt' ]
161 verbose url resolved https://registry.npmjs.org/bcrypt
162 verbose request where is https://registry.npmjs.org/bcrypt
163 info trying registry request attempt 1 at 14:15:58
164 verbose etag "128HJ5MX2E8CVCVYVG0INVUP6"
165 http GET https://registry.npmjs.org/bcrypt
166 verbose request where is /moment
167 verbose request registry https://registry.npmjs.org/
168 verbose url raw /moment
169 verbose url resolving [ 'https://registry.npmjs.org/', './moment' ]
170 verbose url resolved https://registry.npmjs.org/moment
171 verbose request where is https://registry.npmjs.org/moment
172 info trying registry request attempt 1 at 14:15:58
173 verbose etag "EDSQ5MZDRHW5OAYBZSH4FUWO2"
174 http GET https://registry.npmjs.org/moment
175 http 200 https://registry.npmjs.org/fs
176 silly registry.get cb [ 200,
176 silly registry.get   { date: 'Fri, 23 Jan 2015 19:15:58 GMT',
176 silly registry.get     server: 'CouchDB/1.5.0 (Erlang OTP/R16B03)',
176 silly registry.get     etag: '"1X3NIWIRMGFVK8QL2301RR75V"',
176 silly registry.get     'content-type': 'application/json',
176 silly registry.get     'cache-control': 'max-age=60',
176 silly registry.get     'content-length': '1581',
176 silly registry.get     'accept-ranges': 'bytes',
176 silly registry.get     via: '1.1 varnish',
176 silly registry.get     age: '0',
176 silly registry.get     'x-served-by': 'cache-sjc3129-SJC',
176 silly registry.get     'x-cache': 'HIT',
176 silly registry.get     'x-cache-hits': '1',
176 silly registry.get     'x-timer': 'S1422040558.415059,VS0,VE36',
176 silly registry.get     vary: 'Accept',
176 silly registry.get     'keep-alive': 'timeout=10, max=50',
176 silly registry.get     connection: 'Keep-Alive' } ]
177 http 304 https://registry.npmjs.org/util
178 silly registry.get cb [ 304,
178 silly registry.get   { date: 'Fri, 23 Jan 2015 19:15:58 GMT',
178 silly registry.get     server: 'Apache',
178 silly registry.get     via: '1.1 varnish',
178 silly registry.get     'last-modified': 'Fri, 23 Jan 2015 18:40:23 GMT',
178 silly registry.get     'cache-control': 'max-age=60',
178 silly registry.get     etag: '"360MT6RUSPEZWJXUHA4205YG5"',
178 silly registry.get     age: '48',
178 silly registry.get     'x-served-by': 'cache-sjc3129-SJC',
178 silly registry.get     'x-cache': 'HIT',
178 silly registry.get     'x-cache-hits': '224',
178 silly registry.get     'x-timer': 'S1422040558.460628,VS0,VE0',
178 silly registry.get     vary: 'Accept',
178 silly registry.get     'content-length': '0',
178 silly registry.get     'keep-alive': 'timeout=10, max=49',
178 silly registry.get     connection: 'Keep-Alive' } ]
179 verbose etag https://registry.npmjs.org/util from cache
180 http 404 https://registry.npmjs.org/https
181 verbose headers { date: 'Fri, 23 Jan 2015 19:15:58 GMT',
181 verbose headers   server: 'CouchDB/1.5.0 (Erlang OTP/R16B03)',
181 verbose headers   'content-type': 'application/json',
181 verbose headers   'cache-control': 'max-age=0',
181 verbose headers   'content-length': '52',
181 verbose headers   'accept-ranges': 'bytes',
181 verbose headers   via: '1.1 varnish',
181 verbose headers   age: '0',
181 verbose headers   'x-served-by': 'cache-sjc3126-SJC',
181 verbose headers   'x-cache': 'MISS',
181 verbose headers   'x-cache-hits': '0',
181 verbose headers   'x-timer': 'S1422040558.418912,VS0,VE36',
181 verbose headers   'keep-alive': 'timeout=10, max=50',
181 verbose headers   connection: 'Keep-Alive' }
182 silly registry.get cb [ 404,
182 silly registry.get   { date: 'Fri, 23 Jan 2015 19:15:58 GMT',
182 silly registry.get     server: 'CouchDB/1.5.0 (Erlang OTP/R16B03)',
182 silly registry.get     'content-type': 'application/json',
182 silly registry.get     'cache-control': 'max-age=0',
182 silly registry.get     'content-length': '52',
182 silly registry.get     'accept-ranges': 'bytes',
182 silly registry.get     via: '1.1 varnish',
182 silly registry.get     age: '0',
182 silly registry.get     'x-served-by': 'cache-sjc3126-SJC',
182 silly registry.get     'x-cache': 'MISS',
182 silly registry.get     'x-cache-hits': '0',
182 silly registry.get     'x-timer': 'S1422040558.418912,VS0,VE36',
182 silly registry.get     'keep-alive': 'timeout=10, max=50',
182 silly registry.get     connection: 'Keep-Alive' } ]
183 silly lockFile 5351423b-https-latest https@latest
184 silly lockFile 5351423b-https-latest https@latest
185 http 304 https://registry.npmjs.org/moment
186 silly registry.get cb [ 304,
186 silly registry.get   { date: 'Fri, 23 Jan 2015 19:15:58 GMT',
186 silly registry.get     server: 'Apache',
186 silly registry.get     via: '1.1 varnish',
186 silly registry.get     'last-modified': 'Fri, 23 Jan 2015 19:15:58 GMT',
186 silly registry.get     'cache-control': 'max-age=60',
186 silly registry.get     etag: '"EDSQ5MZDRHW5OAYBZSH4FUWO2"',
186 silly registry.get     age: '30',
186 silly registry.get     'x-served-by': 'cache-sjc3126-SJC',
186 silly registry.get     'x-cache': 'HIT',
186 silly registry.get     'x-cache-hits': '1',
186 silly registry.get     'x-timer': 'S1422040558.469557,VS0,VE0',
186 silly registry.get     vary: 'Accept',
186 silly registry.get     'content-length': '0',
186 silly registry.get     'keep-alive': 'timeout=10, max=49',
186 silly registry.get     connection: 'Keep-Alive' } ]
187 verbose etag https://registry.npmjs.org/moment from cache
188 verbose addNamed [ 'util', '0.10.3' ]
189 verbose addNamed [ '0.10.3', '0.10.3' ]
190 silly lockFile 16434265-util-0-10-3 util@0.10.3
191 verbose lock util@0.10.3 /root/.npm/16434265-util-0-10-3.lock
192 verbose addNamed [ 'fs', '0.0.2' ]
193 verbose addNamed [ '0.0.2', '0.0.2' ]
194 silly lockFile afea0479-fs-0-0-2 fs@0.0.2
195 verbose lock fs@0.0.2 /root/.npm/afea0479-fs-0-0-2.lock
196 verbose addNamed [ 'moment', '2.9.0' ]
197 verbose addNamed [ '2.9.0', '2.9.0' ]
198 silly lockFile f9216bc0-moment-2-9-0 moment@2.9.0
199 verbose lock moment@2.9.0 /root/.npm/f9216bc0-moment-2-9-0.lock
200 silly lockFile f18d0b15-gistry-npmjs-org-fs-fs-0-0-2-tgz https://registry.npmjs.org/fs/-/fs-0.0.2.tgz
201 verbose lock https://registry.npmjs.org/fs/-/fs-0.0.2.tgz /root/.npm/f18d0b15-gistry-npmjs-org-fs-fs-0-0-2-tgz.lock
202 verbose addRemoteTarball [ 'https://registry.npmjs.org/fs/-/fs-0.0.2.tgz',
202 verbose addRemoteTarball   'e1f244ef3933c1b2a64bd4799136060d0f5914f8' ]
203 silly lockFile 16434265-util-0-10-3 util@0.10.3
204 silly lockFile 16434265-util-0-10-3 util@0.10.3
205 silly lockFile 82e16f09-util-latest util@latest
206 silly lockFile 82e16f09-util-latest util@latest
207 silly lockFile f9216bc0-moment-2-9-0 moment@2.9.0
208 silly lockFile f9216bc0-moment-2-9-0 moment@2.9.0
209 http 304 https://registry.npmjs.org/bcrypt
210 silly registry.get cb [ 304,
210 silly registry.get   { date: 'Fri, 23 Jan 2015 19:15:58 GMT',
210 silly registry.get     server: 'Apache',
210 silly registry.get     via: '1.1 varnish',
210 silly registry.get     'last-modified': 'Fri, 23 Jan 2015 19:15:58 GMT',
210 silly registry.get     'cache-control': 'max-age=60',
210 silly registry.get     etag: '"128HJ5MX2E8CVCVYVG0INVUP6"',
210 silly registry.get     age: '0',
210 silly registry.get     'x-served-by': 'cache-sjc3129-SJC',
210 silly registry.get     'x-cache': 'HIT',
210 silly registry.get     'x-cache-hits': '1',
210 silly registry.get     'x-timer': 'S1422040558.466430,VS0,VE33',
210 silly registry.get     vary: 'Accept',
210 silly registry.get     'content-length': '0',
210 silly registry.get     'keep-alive': 'timeout=10, max=48',
210 silly registry.get     connection: 'Keep-Alive' } ]
211 verbose etag https://registry.npmjs.org/bcrypt from cache
212 silly lockFile 7aa51eb5-moment-latest moment@latest
213 silly lockFile 7aa51eb5-moment-latest moment@latest
214 info retry fetch attempt 1 at 14:15:58
215 verbose fetch to= /tmp/npm-9921-9fFjnIbQ/registry.npmjs.org/fs/-/fs-0.0.2.tgz
216 http 304 https://registry.npmjs.org/mongodb
217 silly registry.get cb [ 304,
217 silly registry.get   { date: 'Fri, 23 Jan 2015 19:15:58 GMT',
217 silly registry.get     server: 'Apache',
217 silly registry.get     via: '1.1 varnish',
217 silly registry.get     'last-modified': 'Fri, 23 Jan 2015 19:15:58 GMT',
217 silly registry.get     'cache-control': 'max-age=60',
217 silly registry.get     etag: '"C3T6MIJF4IFL1Z6CV4OO75TJZ"',
217 silly registry.get     age: '18',
217 silly registry.get     'x-served-by': 'cache-lax1431-LAX',
217 silly registry.get     'x-cache': 'HIT',
217 silly registry.get     'x-cache-hits': '1',
217 silly registry.get     'x-timer': 'S1422040558.497622,VS0,VE2',
217 silly registry.get     vary: 'Accept',
217 silly registry.get     'content-length': '0',
217 silly registry.get     'keep-alive': 'timeout=10, max=50',
217 silly registry.get     connection: 'Keep-Alive' } ]
218 verbose etag https://registry.npmjs.org/mongodb from cache
219 http GET https://registry.npmjs.org/fs/-/fs-0.0.2.tgz
220 verbose addNamed [ 'bcrypt', '0.8.1' ]
221 verbose addNamed [ '0.8.1', '0.8.1' ]
222 silly lockFile 9788bcd1-bcrypt-0-8-1 bcrypt@0.8.1
223 verbose lock bcrypt@0.8.1 /root/.npm/9788bcd1-bcrypt-0-8-1.lock
224 info already installed util@0.10.3
225 verbose addNamed [ 'mongodb', '1.4.29' ]
226 verbose addNamed [ '1.4.29', '1.4.29' ]
227 silly lockFile 2563398f-mongodb-1-4-29 mongodb@1.4.29
228 verbose lock mongodb@1.4.29 /root/.npm/2563398f-mongodb-1-4-29.lock
229 silly lockFile 9788bcd1-bcrypt-0-8-1 bcrypt@0.8.1
230 silly lockFile 9788bcd1-bcrypt-0-8-1 bcrypt@0.8.1
231 silly lockFile bc3b36c6-bcrypt-latest bcrypt@latest
232 silly lockFile bc3b36c6-bcrypt-latest bcrypt@latest
233 silly lockFile 2563398f-mongodb-1-4-29 mongodb@1.4.29
234 silly lockFile 2563398f-mongodb-1-4-29 mongodb@1.4.29
235 silly lockFile d3746d4c-mongodb-latest mongodb@latest
236 silly lockFile d3746d4c-mongodb-latest mongodb@latest
237 http 200 https://registry.npmjs.org/fs/-/fs-0.0.2.tgz
238 silly lockFile f18d0b15-gistry-npmjs-org-fs-fs-0-0-2-tgz https://registry.npmjs.org/fs/-/fs-0.0.2.tgz
239 silly lockFile f18d0b15-gistry-npmjs-org-fs-fs-0-0-2-tgz https://registry.npmjs.org/fs/-/fs-0.0.2.tgz
240 silly lockFile afea0479-fs-0-0-2 fs@0.0.2
241 silly lockFile afea0479-fs-0-0-2 fs@0.0.2
242 silly lockFile 650d5fba-fs-latest fs@latest
243 silly lockFile 650d5fba-fs-latest fs@latest
244 http 304 https://registry.npmjs.org/require
245 silly registry.get cb [ 304,
245 silly registry.get   { date: 'Fri, 23 Jan 2015 19:15:58 GMT',
245 silly registry.get     server: 'Apache',
245 silly registry.get     via: '1.1 varnish',
245 silly registry.get     'last-modified': 'Fri, 23 Jan 2015 19:15:58 GMT',
245 silly registry.get     'cache-control': 'max-age=60',
245 silly registry.get     etag: '"CTD7G3RW41LB6UW8DXPAYGY16"',
245 silly registry.get     age: '0',
245 silly registry.get     'x-served-by': 'cache-lax1420-LAX',
245 silly registry.get     'x-cache': 'MISS',
245 silly registry.get     'x-cache-hits': '0',
245 silly registry.get     'x-timer': 'S1422040558.481791,VS0,VE178',
245 silly registry.get     vary: 'Accept',
245 silly registry.get     'content-length': '0',
245 silly registry.get     'keep-alive': 'timeout=10, max=50',
245 silly registry.get     connection: 'Keep-Alive' } ]
246 verbose etag https://registry.npmjs.org/require from cache
247 verbose addNamed [ 'require', '2.4.17' ]
248 verbose addNamed [ '2.4.17', '2.4.17' ]
249 silly lockFile ba47b6eb-require-2-4-17 require@2.4.17
250 verbose lock require@2.4.17 /root/.npm/ba47b6eb-require-2-4-17.lock
251 silly lockFile ba47b6eb-require-2-4-17 require@2.4.17
252 silly lockFile ba47b6eb-require-2-4-17 require@2.4.17
253 silly lockFile 5c3aad12-require-latest require@latest
254 silly lockFile 5c3aad12-require-latest require@latest
255 info already installed require@2.4.17
256 http 304 https://registry.npmjs.org/sanitizer
257 silly registry.get cb [ 304,
257 silly registry.get   { date: 'Fri, 23 Jan 2015 19:15:58 GMT',
257 silly registry.get     server: 'Apache',
257 silly registry.get     via: '1.1 varnish',
257 silly registry.get     'last-modified': 'Fri, 23 Jan 2015 19:15:58 GMT',
257 silly registry.get     'cache-control': 'max-age=60',
257 silly registry.get     etag: '"EHLJ5NIDYWOO92P7LHUIVVW5W"',
257 silly registry.get     age: '0',
257 silly registry.get     'x-served-by': 'cache-lax1429-LAX',
257 silly registry.get     'x-cache': 'HIT',
257 silly registry.get     'x-cache-hits': '1',
257 silly registry.get     'x-timer': 'S1422040558.486827,VS0,VE307',
257 silly registry.get     vary: 'Accept',
257 silly registry.get     'content-length': '0',
257 silly registry.get     'keep-alive': 'timeout=10, max=50',
257 silly registry.get     connection: 'Keep-Alive' } ]
258 verbose etag https://registry.npmjs.org/sanitizer from cache
259 verbose addNamed [ 'sanitizer', '0.1.2' ]
260 verbose addNamed [ '0.1.2', '0.1.2' ]
261 silly lockFile 314905e7-sanitizer-0-1-2 sanitizer@0.1.2
262 verbose lock sanitizer@0.1.2 /root/.npm/314905e7-sanitizer-0-1-2.lock
263 silly lockFile 314905e7-sanitizer-0-1-2 sanitizer@0.1.2
264 silly lockFile 314905e7-sanitizer-0-1-2 sanitizer@0.1.2
265 silly lockFile e8344f52-sanitizer-latest sanitizer@latest
266 silly lockFile e8344f52-sanitizer-latest sanitizer@latest
267 info already installed sanitizer@0.1.2
268 error 404 404 Not Found: https
268 error 404
268 error 404 'https' is not in the npm registry.
268 error 404 You should bug the author to publish it
268 error 404 It was specified as a dependency of 'SmileZone'
268 error 404
268 error 404 Note that you can also install from a
268 error 404 tarball, folder, or http url, or git url.
269 error System Linux 3.13.0-32-generic
270 error command "/usr/local/bin/node" "/usr/local/bin/npm" "install"
271 error cwd /root/SmileZone/WebApp
272 error node -v v0.10.32
273 error npm -v 1.4.28
274 error code E404
275 verbose exit [ 1, true ]
